<?xml version="1.0" encoding="UTF-8"?>
<!-- Generated by org.testng.reporters.JUnitReportReporter -->
<testsuite skipped="0" hostname="CRPCRAN-J79Q6H2" name="demo.PrintHello" tests="1" failures="0" timestamp="11 Feb 2018 04:23:23 GMT" time="0.008" errors="0">
  <testcase name="sayHello" time="0.008" classname="demo.PrintHello"/>
</testsuite> <!-- demo.PrintHello -->
